2025-09-04 00:23:24 INFO  - HV000001: Hibernate Validator 8.0.1.Final
2025-09-04 00:23:24 INFO  - Starting RentalSystemApplication using Java 17.0.13 with PID 16828 (C:\Users\stavp\IdeaProjects\rental-system\rental-backend\build\classes\java\main started by stavp in C:\Users\stavp\IdeaProjects\rental-system\rental-backend)
2025-09-04 00:23:24 INFO  - The following 1 profile is active: "test"
2025-09-04 00:23:24 INFO  - Devtools property defaults active! Set 'spring.devtools.add-properties' to 'false' to disable
2025-09-04 00:23:24 INFO  - For additional web related logging consider setting the 'logging.level.web' property to 'DEBUG'
2025-09-04 00:23:25 INFO  - Bootstrapping Spring Data JPA repositories in DEFAULT mode.
2025-09-04 00:23:25 INFO  - Finished Spring Data repository scanning in 65 ms. Found 5 JPA repository interfaces.
2025-09-04 00:23:26 INFO  - Tomcat initialized with port 8080 (http)
2025-09-04 00:23:26 INFO  - Root WebApplicationContext: initialization completed in 1719 ms
2025-09-04 00:23:26 INFO  - HHH000412: Hibernate ORM core version 6.5.3.Final
2025-09-04 00:23:26 INFO  - HHH000026: Second-level cache disabled
2025-09-04 00:23:27 INFO  - No LoadTimeWeaver setup: ignoring JPA class transformer
2025-09-04 00:23:28 INFO  - HHH000489: No JTA platform available (set 'hibernate.transaction.jta.platform' to enable JTA platform integration)
2025-09-04 00:23:28 INFO  - Initialized JPA EntityManagerFactory for persistence unit 'default'
2025-09-04 00:23:28 INFO  - Hibernate is in classpath; If applicable, HQL parser will be used.
2025-09-04 00:23:29 WARN  - spring.jpa.open-in-view is enabled by default. Therefore, database queries may be performed during view rendering. Explicitly configure spring.jpa.open-in-view to disable this warning
2025-09-04 00:23:29 INFO  - Global AuthenticationManager configured with AuthenticationProvider bean with name authenticationProvider
2025-09-04 00:23:29 WARN  - Global AuthenticationManager configured with an AuthenticationProvider bean. UserDetailsService beans will not be used for username/password login. Consider removing the AuthenticationProvider bean. Alternatively, consider using the UserDetailsService in a manually instantiated DaoAuthenticationProvider.
2025-09-04 00:23:29 INFO  - Exposing 1 endpoint beneath base path '/actuator'
2025-09-04 00:23:30 INFO  - LiveReload server is running on port 35729
2025-09-04 00:23:30 INFO  - Tomcat started on port 8080 (http) with context path '/'
2025-09-04 00:23:30 INFO  - Started RentalSystemApplication in 5.999 seconds (process running for 6.345)
2025-09-04 00:23:33 INFO  - Initializing Servlet 'dispatcherServlet'
2025-09-04 00:23:33 INFO  - Completed initialization in 1 ms
