2025-08-30 19:57:25 INFO  - HV000001: Hibernate Validator 8.0.3.Final
2025-08-30 19:57:25 INFO  - Starting RentalSystemApplication using Java 17.0.13 with PID 17260 (C:\Users\stavp\IdeaProjects\rental-system\build\classes\java\main started by stavp in C:\Users\stavp\IdeaProjects\rental-system)
2025-08-30 19:57:25 INFO  - The following 1 profile is active: "test"
2025-08-30 19:57:25 INFO  - Devtools property defaults active! Set 'spring.devtools.add-properties' to 'false' to disable
2025-08-30 19:57:25 INFO  - For additional web related logging consider setting the 'logging.level.web' property to 'DEBUG'
2025-08-30 19:57:26 INFO  - Bootstrapping Spring Data JPA repositories in DEFAULT mode.
2025-08-30 19:57:26 INFO  - Finished Spring Data repository scanning in 69 ms. Found 5 JPA repository interfaces.
2025-08-30 19:57:27 INFO  - Tomcat initialized with port 8080 (http)
2025-08-30 19:57:27 INFO  - Root WebApplicationContext: initialization completed in 1813 ms
2025-08-30 19:57:27 INFO  - HHH000412: Hibernate ORM core version 6.6.26.Final
2025-08-30 19:57:27 INFO  - HHH000026: Second-level cache disabled
2025-08-30 19:57:28 INFO  - No LoadTimeWeaver setup: ignoring JPA class transformer
2025-08-30 19:57:28 INFO  - HHH10001005: Database info:
	Database JDBC URL [Connecting through datasource 'HikariDataSource (HikariPool-1)']
	Database driver: undefined/unknown
	Database version: 8.0.41
	Autocommit mode: undefined/unknown
	Isolation level: undefined/unknown
	Minimum pool size: undefined/unknown
	Maximum pool size: undefined/unknown
2025-08-30 19:57:29 INFO  - HHH000489: No JTA platform available (set 'hibernate.transaction.jta.platform' to enable JTA platform integration)
2025-08-30 19:57:29 INFO  - Initialized JPA EntityManagerFactory for persistence unit 'default'
2025-08-30 19:57:29 INFO  - Hibernate is in classpath; If applicable, HQL parser will be used.
2025-08-30 19:57:30 WARN  - spring.jpa.open-in-view is enabled by default. Therefore, database queries may be performed during view rendering. Explicitly configure spring.jpa.open-in-view to disable this warning
2025-08-30 19:57:30 INFO  - Exposing 1 endpoint beneath base path '/actuator'
2025-08-30 19:57:30 INFO  - Global AuthenticationManager configured with AuthenticationProvider bean with name authenticationProvider
2025-08-30 19:57:30 WARN  - Global AuthenticationManager configured with an AuthenticationProvider bean. UserDetailsService beans will not be used by Spring Security for automatically configuring username/password login. Consider removing the AuthenticationProvider bean. Alternatively, consider using the UserDetailsService in a manually instantiated DaoAuthenticationProvider. If the current configuration is intentional, to turn off this warning, increase the logging level of 'org.springframework.security.config.annotation.authentication.configuration.InitializeUserDetailsBeanManagerConfigurer' to ERROR
2025-08-30 19:57:31 INFO  - LiveReload server is running on port 35729
2025-08-30 19:57:31 INFO  - Tomcat started on port 8080 (http) with context path '/'
2025-08-30 19:57:31 INFO  - Started RentalSystemApplication in 6.493 seconds (process running for 6.845)
2025-08-30 22:13:25 INFO  - HV000001: Hibernate Validator 8.0.3.Final
2025-08-30 22:13:25 INFO  - Starting RentalSystemApplication using Java 17.0.13 with PID 7272 (C:\Users\stavp\IdeaProjects\rental-system\build\classes\java\main started by stavp in C:\Users\stavp\IdeaProjects\rental-system)
2025-08-30 22:13:25 INFO  - The following 1 profile is active: "test"
2025-08-30 22:13:25 INFO  - Devtools property defaults active! Set 'spring.devtools.add-properties' to 'false' to disable
2025-08-30 22:13:25 INFO  - For additional web related logging consider setting the 'logging.level.web' property to 'DEBUG'
2025-08-30 22:13:26 INFO  - Bootstrapping Spring Data JPA repositories in DEFAULT mode.
2025-08-30 22:13:26 INFO  - Finished Spring Data repository scanning in 72 ms. Found 5 JPA repository interfaces.
2025-08-30 22:13:27 INFO  - Tomcat initialized with port 8080 (http)
2025-08-30 22:13:27 INFO  - Root WebApplicationContext: initialization completed in 1815 ms
2025-08-30 22:13:28 INFO  - HHH000412: Hibernate ORM core version 6.6.26.Final
2025-08-30 22:13:28 INFO  - HHH000026: Second-level cache disabled
2025-08-30 22:13:28 INFO  - No LoadTimeWeaver setup: ignoring JPA class transformer
2025-08-30 22:13:28 INFO  - HHH10001005: Database info:
	Database JDBC URL [Connecting through datasource 'HikariDataSource (HikariPool-1)']
	Database driver: undefined/unknown
	Database version: 8.0.41
	Autocommit mode: undefined/unknown
	Isolation level: undefined/unknown
	Minimum pool size: undefined/unknown
	Maximum pool size: undefined/unknown
2025-08-30 22:13:29 INFO  - HHH000489: No JTA platform available (set 'hibernate.transaction.jta.platform' to enable JTA platform integration)
2025-08-30 22:13:29 INFO  - Initialized JPA EntityManagerFactory for persistence unit 'default'
2025-08-30 22:13:29 INFO  - Hibernate is in classpath; If applicable, HQL parser will be used.
2025-08-30 22:13:30 WARN  - spring.jpa.open-in-view is enabled by default. Therefore, database queries may be performed during view rendering. Explicitly configure spring.jpa.open-in-view to disable this warning
2025-08-30 22:13:31 INFO  - Exposing 1 endpoint beneath base path '/actuator'
2025-08-30 22:13:31 INFO  - Global AuthenticationManager configured with AuthenticationProvider bean with name authenticationProvider
2025-08-30 22:13:31 WARN  - Global AuthenticationManager configured with an AuthenticationProvider bean. UserDetailsService beans will not be used by Spring Security for automatically configuring username/password login. Consider removing the AuthenticationProvider bean. Alternatively, consider using the UserDetailsService in a manually instantiated DaoAuthenticationProvider. If the current configuration is intentional, to turn off this warning, increase the logging level of 'org.springframework.security.config.annotation.authentication.configuration.InitializeUserDetailsBeanManagerConfigurer' to ERROR
2025-08-30 22:13:31 INFO  - LiveReload server is running on port 35729
2025-08-30 22:13:31 INFO  - Tomcat started on port 8080 (http) with context path '/'
2025-08-30 22:13:31 INFO  - Started RentalSystemApplication in 6.284 seconds (process running for 6.636)
2025-08-30 22:18:22 INFO  - Initializing Servlet 'dispatcherServlet'
2025-08-30 22:18:22 INFO  - Completed initialization in 2 ms
2025-08-30 22:47:12 INFO  - HV000001: Hibernate Validator 8.0.3.Final
2025-08-30 22:47:12 INFO  - Starting RentalSystemApplication using Java 17.0.13 with PID 4040 (C:\Users\stavp\IdeaProjects\rental-system\build\classes\java\main started by stavp in C:\Users\stavp\IdeaProjects\rental-system)
2025-08-30 22:47:12 INFO  - The following 1 profile is active: "test"
2025-08-30 22:47:13 INFO  - Devtools property defaults active! Set 'spring.devtools.add-properties' to 'false' to disable
2025-08-30 22:47:13 INFO  - For additional web related logging consider setting the 'logging.level.web' property to 'DEBUG'
2025-08-30 22:47:13 INFO  - Bootstrapping Spring Data JPA repositories in DEFAULT mode.
2025-08-30 22:47:14 INFO  - Finished Spring Data repository scanning in 59 ms. Found 5 JPA repository interfaces.
2025-08-30 22:47:14 INFO  - Tomcat initialized with port 8080 (http)
2025-08-30 22:47:14 INFO  - Root WebApplicationContext: initialization completed in 1727 ms
2025-08-30 22:47:15 INFO  - HHH000412: Hibernate ORM core version 6.6.26.Final
2025-08-30 22:47:15 INFO  - HHH000026: Second-level cache disabled
2025-08-30 22:47:15 INFO  - No LoadTimeWeaver setup: ignoring JPA class transformer
2025-08-30 22:47:15 INFO  - HHH10001005: Database info:
	Database JDBC URL [Connecting through datasource 'HikariDataSource (HikariPool-1)']
	Database driver: undefined/unknown
	Database version: 8.0.41
	Autocommit mode: undefined/unknown
	Isolation level: undefined/unknown
	Minimum pool size: undefined/unknown
	Maximum pool size: undefined/unknown
2025-08-30 22:47:16 INFO  - HHH000489: No JTA platform available (set 'hibernate.transaction.jta.platform' to enable JTA platform integration)
2025-08-30 22:47:16 INFO  - Initialized JPA EntityManagerFactory for persistence unit 'default'
2025-08-30 22:47:16 INFO  - Hibernate is in classpath; If applicable, HQL parser will be used.
2025-08-30 22:47:17 WARN  - spring.jpa.open-in-view is enabled by default. Therefore, database queries may be performed during view rendering. Explicitly configure spring.jpa.open-in-view to disable this warning
2025-08-30 22:47:18 INFO  - Exposing 1 endpoint beneath base path '/actuator'
2025-08-30 22:47:18 INFO  - Global AuthenticationManager configured with AuthenticationProvider bean with name authenticationProvider
2025-08-30 22:47:18 WARN  - Global AuthenticationManager configured with an AuthenticationProvider bean. UserDetailsService beans will not be used by Spring Security for automatically configuring username/password login. Consider removing the AuthenticationProvider bean. Alternatively, consider using the UserDetailsService in a manually instantiated DaoAuthenticationProvider. If the current configuration is intentional, to turn off this warning, increase the logging level of 'org.springframework.security.config.annotation.authentication.configuration.InitializeUserDetailsBeanManagerConfigurer' to ERROR
2025-08-30 22:47:18 INFO  - LiveReload server is running on port 35729
2025-08-30 22:47:18 INFO  - Tomcat started on port 8080 (http) with context path '/'
2025-08-30 22:47:18 INFO  - Started RentalSystemApplication in 6.048 seconds (process running for 6.382)
2025-08-30 22:55:02 INFO  - Initializing Servlet 'dispatcherServlet'
2025-08-30 22:55:02 INFO  - Completed initialization in 2 ms
2025-08-30 22:57:24 INFO  - HV000001: Hibernate Validator 8.0.3.Final
2025-08-30 22:57:24 INFO  - Starting RentalSystemApplication using Java 17.0.13 with PID 10576 (C:\Users\stavp\IdeaProjects\rental-system\build\classes\java\main started by stavp in C:\Users\stavp\IdeaProjects\rental-system)
2025-08-30 22:57:24 INFO  - The following 1 profile is active: "test"
2025-08-30 22:57:25 INFO  - Devtools property defaults active! Set 'spring.devtools.add-properties' to 'false' to disable
2025-08-30 22:57:25 INFO  - For additional web related logging consider setting the 'logging.level.web' property to 'DEBUG'
2025-08-30 22:57:25 INFO  - Bootstrapping Spring Data JPA repositories in DEFAULT mode.
2025-08-30 22:57:25 INFO  - Finished Spring Data repository scanning in 53 ms. Found 5 JPA repository interfaces.
2025-08-30 22:57:26 INFO  - Tomcat initialized with port 8080 (http)
2025-08-30 22:57:26 INFO  - Root WebApplicationContext: initialization completed in 1623 ms
2025-08-30 22:57:27 INFO  - HHH000412: Hibernate ORM core version 6.6.26.Final
2025-08-30 22:57:27 INFO  - HHH000026: Second-level cache disabled
2025-08-30 22:57:27 INFO  - No LoadTimeWeaver setup: ignoring JPA class transformer
2025-08-30 22:57:27 INFO  - HHH10001005: Database info:
	Database JDBC URL [Connecting through datasource 'HikariDataSource (HikariPool-1)']
	Database driver: undefined/unknown
	Database version: 8.0.41
	Autocommit mode: undefined/unknown
	Isolation level: undefined/unknown
	Minimum pool size: undefined/unknown
	Maximum pool size: undefined/unknown
2025-08-30 22:57:28 INFO  - HHH000489: No JTA platform available (set 'hibernate.transaction.jta.platform' to enable JTA platform integration)
2025-08-30 22:57:28 INFO  - Initialized JPA EntityManagerFactory for persistence unit 'default'
2025-08-30 22:57:28 INFO  - Hibernate is in classpath; If applicable, HQL parser will be used.
2025-08-30 22:57:29 WARN  - spring.jpa.open-in-view is enabled by default. Therefore, database queries may be performed during view rendering. Explicitly configure spring.jpa.open-in-view to disable this warning
2025-08-30 22:57:29 INFO  - Exposing 1 endpoint beneath base path '/actuator'
2025-08-30 22:57:29 INFO  - Global AuthenticationManager configured with AuthenticationProvider bean with name authenticationProvider
2025-08-30 22:57:29 WARN  - Global AuthenticationManager configured with an AuthenticationProvider bean. UserDetailsService beans will not be used by Spring Security for automatically configuring username/password login. Consider removing the AuthenticationProvider bean. Alternatively, consider using the UserDetailsService in a manually instantiated DaoAuthenticationProvider. If the current configuration is intentional, to turn off this warning, increase the logging level of 'org.springframework.security.config.annotation.authentication.configuration.InitializeUserDetailsBeanManagerConfigurer' to ERROR
2025-08-30 22:57:30 INFO  - LiveReload server is running on port 35729
2025-08-30 22:57:30 INFO  - Tomcat started on port 8080 (http) with context path '/'
2025-08-30 22:57:30 INFO  - Started RentalSystemApplication in 5.911 seconds (process running for 6.252)
2025-08-30 23:00:22 INFO  - Initializing Servlet 'dispatcherServlet'
2025-08-30 23:00:22 INFO  - Completed initialization in 2 ms
2025-08-30 23:23:13 INFO  - HV000001: Hibernate Validator 8.0.3.Final
2025-08-30 23:23:13 INFO  - Starting RentalSystemApplication using Java 17.0.13 with PID 18216 (C:\Users\stavp\IdeaProjects\rental-system\build\classes\java\main started by stavp in C:\Users\stavp\IdeaProjects\rental-system)
2025-08-30 23:23:13 INFO  - The following 1 profile is active: "test"
2025-08-30 23:23:13 INFO  - Devtools property defaults active! Set 'spring.devtools.add-properties' to 'false' to disable
2025-08-30 23:23:13 INFO  - For additional web related logging consider setting the 'logging.level.web' property to 'DEBUG'
2025-08-30 23:23:14 INFO  - Bootstrapping Spring Data JPA repositories in DEFAULT mode.
2025-08-30 23:23:14 INFO  - Finished Spring Data repository scanning in 90 ms. Found 5 JPA repository interfaces.
2025-08-30 23:23:15 INFO  - Tomcat initialized with port 8080 (http)
2025-08-30 23:23:15 INFO  - Root WebApplicationContext: initialization completed in 2384 ms
2025-08-30 23:23:16 INFO  - HHH000412: Hibernate ORM core version 6.6.26.Final
2025-08-30 23:23:16 INFO  - HHH000026: Second-level cache disabled
2025-08-30 23:23:16 INFO  - No LoadTimeWeaver setup: ignoring JPA class transformer
2025-08-30 23:23:16 INFO  - HHH10001005: Database info:
	Database JDBC URL [Connecting through datasource 'HikariDataSource (HikariPool-1)']
	Database driver: undefined/unknown
	Database version: 8.0.41
	Autocommit mode: undefined/unknown
	Isolation level: undefined/unknown
	Minimum pool size: undefined/unknown
	Maximum pool size: undefined/unknown
2025-08-30 23:23:17 INFO  - HHH000489: No JTA platform available (set 'hibernate.transaction.jta.platform' to enable JTA platform integration)
2025-08-30 23:23:18 INFO  - Initialized JPA EntityManagerFactory for persistence unit 'default'
2025-08-30 23:23:18 INFO  - Hibernate is in classpath; If applicable, HQL parser will be used.
2025-08-30 23:23:19 WARN  - spring.jpa.open-in-view is enabled by default. Therefore, database queries may be performed during view rendering. Explicitly configure spring.jpa.open-in-view to disable this warning
2025-08-30 23:23:19 INFO  - Exposing 1 endpoint beneath base path '/actuator'
2025-08-30 23:23:19 INFO  - Global AuthenticationManager configured with AuthenticationProvider bean with name authenticationProvider
2025-08-30 23:23:19 WARN  - Global AuthenticationManager configured with an AuthenticationProvider bean. UserDetailsService beans will not be used by Spring Security for automatically configuring username/password login. Consider removing the AuthenticationProvider bean. Alternatively, consider using the UserDetailsService in a manually instantiated DaoAuthenticationProvider. If the current configuration is intentional, to turn off this warning, increase the logging level of 'org.springframework.security.config.annotation.authentication.configuration.InitializeUserDetailsBeanManagerConfigurer' to ERROR
2025-08-30 23:23:20 INFO  - LiveReload server is running on port 35729
2025-08-30 23:23:20 INFO  - Tomcat started on port 8080 (http) with context path '/'
2025-08-30 23:23:20 INFO  - Started RentalSystemApplication in 7.984 seconds (process running for 8.432)
2025-08-30 23:23:51 INFO  - Initializing Servlet 'dispatcherServlet'
2025-08-30 23:23:51 INFO  - Completed initialization in 2 ms
2025-08-30 23:26:57 INFO  - HV000001: Hibernate Validator 8.0.3.Final
2025-08-30 23:26:57 INFO  - Starting RentalSystemApplication using Java 17.0.13 with PID 16724 (C:\Users\stavp\IdeaProjects\rental-system\build\classes\java\main started by stavp in C:\Users\stavp\IdeaProjects\rental-system)
2025-08-30 23:26:57 INFO  - The following 1 profile is active: "test"
2025-08-30 23:26:57 INFO  - Devtools property defaults active! Set 'spring.devtools.add-properties' to 'false' to disable
2025-08-30 23:26:57 INFO  - For additional web related logging consider setting the 'logging.level.web' property to 'DEBUG'
2025-08-30 23:26:58 INFO  - Bootstrapping Spring Data JPA repositories in DEFAULT mode.
2025-08-30 23:26:58 INFO  - Finished Spring Data repository scanning in 65 ms. Found 5 JPA repository interfaces.
2025-08-30 23:26:59 INFO  - Tomcat initialized with port 8080 (http)
2025-08-30 23:26:59 INFO  - Root WebApplicationContext: initialization completed in 1821 ms
2025-08-30 23:26:59 INFO  - HHH000412: Hibernate ORM core version 6.6.26.Final
2025-08-30 23:26:59 INFO  - HHH000026: Second-level cache disabled
2025-08-30 23:27:00 INFO  - No LoadTimeWeaver setup: ignoring JPA class transformer
2025-08-30 23:27:00 INFO  - HHH10001005: Database info:
	Database JDBC URL [Connecting through datasource 'HikariDataSource (HikariPool-1)']
	Database driver: undefined/unknown
	Database version: 8.0.41
	Autocommit mode: undefined/unknown
	Isolation level: undefined/unknown
	Minimum pool size: undefined/unknown
	Maximum pool size: undefined/unknown
2025-08-30 23:27:01 INFO  - HHH000489: No JTA platform available (set 'hibernate.transaction.jta.platform' to enable JTA platform integration)
2025-08-30 23:27:01 INFO  - Initialized JPA EntityManagerFactory for persistence unit 'default'
2025-08-30 23:27:01 INFO  - Hibernate is in classpath; If applicable, HQL parser will be used.
2025-08-30 23:27:02 WARN  - spring.jpa.open-in-view is enabled by default. Therefore, database queries may be performed during view rendering. Explicitly configure spring.jpa.open-in-view to disable this warning
2025-08-30 23:27:02 INFO  - Exposing 1 endpoint beneath base path '/actuator'
2025-08-30 23:27:02 INFO  - Global AuthenticationManager configured with AuthenticationProvider bean with name authenticationProvider
2025-08-30 23:27:02 WARN  - Global AuthenticationManager configured with an AuthenticationProvider bean. UserDetailsService beans will not be used by Spring Security for automatically configuring username/password login. Consider removing the AuthenticationProvider bean. Alternatively, consider using the UserDetailsService in a manually instantiated DaoAuthenticationProvider. If the current configuration is intentional, to turn off this warning, increase the logging level of 'org.springframework.security.config.annotation.authentication.configuration.InitializeUserDetailsBeanManagerConfigurer' to ERROR
2025-08-30 23:27:03 INFO  - LiveReload server is running on port 35729
2025-08-30 23:27:03 INFO  - Tomcat started on port 8080 (http) with context path '/'
2025-08-30 23:27:03 INFO  - Started RentalSystemApplication in 6.479 seconds (process running for 6.885)
2025-08-30 23:27:11 INFO  - Initializing Servlet 'dispatcherServlet'
2025-08-30 23:27:11 INFO  - Completed initialization in 2 ms
2025-08-30 23:34:51 INFO  - HV000001: Hibernate Validator 8.0.3.Final
2025-08-30 23:34:51 INFO  - Starting RentalSystemApplication using Java 17.0.13 with PID 14448 (C:\Users\stavp\IdeaProjects\rental-system\build\classes\java\main started by stavp in C:\Users\stavp\IdeaProjects\rental-system)
2025-08-30 23:34:51 INFO  - The following 1 profile is active: "test"
2025-08-30 23:34:51 INFO  - Devtools property defaults active! Set 'spring.devtools.add-properties' to 'false' to disable
2025-08-30 23:34:51 INFO  - For additional web related logging consider setting the 'logging.level.web' property to 'DEBUG'
2025-08-30 23:34:52 INFO  - Bootstrapping Spring Data JPA repositories in DEFAULT mode.
2025-08-30 23:34:52 INFO  - Finished Spring Data repository scanning in 57 ms. Found 5 JPA repository interfaces.
2025-08-30 23:34:53 INFO  - Tomcat initialized with port 8080 (http)
2025-08-30 23:34:53 INFO  - Root WebApplicationContext: initialization completed in 1638 ms
2025-08-30 23:34:53 INFO  - HHH000412: Hibernate ORM core version 6.6.26.Final
2025-08-30 23:34:53 INFO  - HHH000026: Second-level cache disabled
2025-08-30 23:34:54 INFO  - No LoadTimeWeaver setup: ignoring JPA class transformer
2025-08-30 23:34:54 INFO  - HHH10001005: Database info:
	Database JDBC URL [Connecting through datasource 'HikariDataSource (HikariPool-1)']
	Database driver: undefined/unknown
	Database version: 8.0.41
	Autocommit mode: undefined/unknown
	Isolation level: undefined/unknown
	Minimum pool size: undefined/unknown
	Maximum pool size: undefined/unknown
2025-08-30 23:34:55 INFO  - HHH000489: No JTA platform available (set 'hibernate.transaction.jta.platform' to enable JTA platform integration)
2025-08-30 23:34:55 INFO  - Initialized JPA EntityManagerFactory for persistence unit 'default'
2025-08-30 23:34:55 INFO  - Hibernate is in classpath; If applicable, HQL parser will be used.
2025-08-30 23:34:56 WARN  - spring.jpa.open-in-view is enabled by default. Therefore, database queries may be performed during view rendering. Explicitly configure spring.jpa.open-in-view to disable this warning
2025-08-30 23:34:56 INFO  - Exposing 1 endpoint beneath base path '/actuator'
2025-08-30 23:34:56 INFO  - Global AuthenticationManager configured with AuthenticationProvider bean with name authenticationProvider
2025-08-30 23:34:56 WARN  - Global AuthenticationManager configured with an AuthenticationProvider bean. UserDetailsService beans will not be used by Spring Security for automatically configuring username/password login. Consider removing the AuthenticationProvider bean. Alternatively, consider using the UserDetailsService in a manually instantiated DaoAuthenticationProvider. If the current configuration is intentional, to turn off this warning, increase the logging level of 'org.springframework.security.config.annotation.authentication.configuration.InitializeUserDetailsBeanManagerConfigurer' to ERROR
2025-08-30 23:34:57 INFO  - LiveReload server is running on port 35729
2025-08-30 23:34:57 INFO  - Tomcat started on port 8080 (http) with context path '/'
2025-08-30 23:34:57 INFO  - Started RentalSystemApplication in 5.93 seconds (process running for 6.257)
2025-08-30 23:35:10 INFO  - Initializing Servlet 'dispatcherServlet'
2025-08-30 23:35:10 INFO  - Completed initialization in 2 ms
2025-08-30 23:37:01 INFO  - HV000001: Hibernate Validator 8.0.3.Final
2025-08-30 23:37:01 INFO  - Starting RentalSystemApplication using Java 17.0.13 with PID 12928 (C:\Users\stavp\IdeaProjects\rental-system\build\classes\java\main started by stavp in C:\Users\stavp\IdeaProjects\rental-system)
2025-08-30 23:37:01 INFO  - The following 1 profile is active: "test"
2025-08-30 23:37:01 INFO  - Devtools property defaults active! Set 'spring.devtools.add-properties' to 'false' to disable
2025-08-30 23:37:01 INFO  - For additional web related logging consider setting the 'logging.level.web' property to 'DEBUG'
2025-08-30 23:37:02 INFO  - Bootstrapping Spring Data JPA repositories in DEFAULT mode.
2025-08-30 23:37:02 INFO  - Finished Spring Data repository scanning in 59 ms. Found 5 JPA repository interfaces.
2025-08-30 23:37:03 INFO  - Tomcat initialized with port 8080 (http)
2025-08-30 23:37:03 INFO  - Root WebApplicationContext: initialization completed in 1752 ms
2025-08-30 23:37:03 INFO  - HHH000412: Hibernate ORM core version 6.6.26.Final
2025-08-30 23:37:04 INFO  - HHH000026: Second-level cache disabled
2025-08-30 23:37:04 INFO  - No LoadTimeWeaver setup: ignoring JPA class transformer
2025-08-30 23:37:04 INFO  - HHH10001005: Database info:
	Database JDBC URL [Connecting through datasource 'HikariDataSource (HikariPool-1)']
	Database driver: undefined/unknown
	Database version: 8.0.41
	Autocommit mode: undefined/unknown
	Isolation level: undefined/unknown
	Minimum pool size: undefined/unknown
	Maximum pool size: undefined/unknown
2025-08-30 23:37:05 INFO  - HHH000489: No JTA platform available (set 'hibernate.transaction.jta.platform' to enable JTA platform integration)
2025-08-30 23:37:05 INFO  - Initialized JPA EntityManagerFactory for persistence unit 'default'
2025-08-30 23:37:05 INFO  - Hibernate is in classpath; If applicable, HQL parser will be used.
2025-08-30 23:37:06 WARN  - spring.jpa.open-in-view is enabled by default. Therefore, database queries may be performed during view rendering. Explicitly configure spring.jpa.open-in-view to disable this warning
2025-08-30 23:37:07 INFO  - Exposing 1 endpoint beneath base path '/actuator'
2025-08-30 23:37:07 INFO  - Global AuthenticationManager configured with AuthenticationProvider bean with name authenticationProvider
2025-08-30 23:37:07 WARN  - Global AuthenticationManager configured with an AuthenticationProvider bean. UserDetailsService beans will not be used by Spring Security for automatically configuring username/password login. Consider removing the AuthenticationProvider bean. Alternatively, consider using the UserDetailsService in a manually instantiated DaoAuthenticationProvider. If the current configuration is intentional, to turn off this warning, increase the logging level of 'org.springframework.security.config.annotation.authentication.configuration.InitializeUserDetailsBeanManagerConfigurer' to ERROR
2025-08-30 23:37:07 INFO  - LiveReload server is running on port 35729
2025-08-30 23:37:07 INFO  - Tomcat started on port 8080 (http) with context path '/'
2025-08-30 23:37:07 INFO  - Started RentalSystemApplication in 6.776 seconds (process running for 7.168)
2025-08-30 23:37:12 INFO  - Initializing Servlet 'dispatcherServlet'
2025-08-30 23:37:12 INFO  - Completed initialization in 2 ms
2025-08-30 23:37:35 WARN  - Resolved [org.springframework.http.converter.HttpMessageNotReadableException: JSON parse error: No content to map due to end-of-input]
2025-08-30 23:40:43 INFO  - HV000001: Hibernate Validator 8.0.3.Final
2025-08-30 23:40:43 INFO  - Starting RentalSystemApplication using Java 17.0.13 with PID 2064 (C:\Users\stavp\IdeaProjects\rental-system\build\classes\java\main started by stavp in C:\Users\stavp\IdeaProjects\rental-system)
2025-08-30 23:40:43 INFO  - The following 1 profile is active: "test"
2025-08-30 23:40:43 INFO  - Devtools property defaults active! Set 'spring.devtools.add-properties' to 'false' to disable
2025-08-30 23:40:43 INFO  - For additional web related logging consider setting the 'logging.level.web' property to 'DEBUG'
2025-08-30 23:40:44 INFO  - Bootstrapping Spring Data JPA repositories in DEFAULT mode.
2025-08-30 23:40:44 INFO  - Finished Spring Data repository scanning in 67 ms. Found 5 JPA repository interfaces.
2025-08-30 23:40:45 INFO  - Tomcat initialized with port 8080 (http)
2025-08-30 23:40:45 INFO  - Root WebApplicationContext: initialization completed in 1783 ms
2025-08-30 23:40:45 INFO  - HHH000412: Hibernate ORM core version 6.6.26.Final
2025-08-30 23:40:45 INFO  - HHH000026: Second-level cache disabled
2025-08-30 23:40:46 INFO  - No LoadTimeWeaver setup: ignoring JPA class transformer
2025-08-30 23:40:46 INFO  - HHH10001005: Database info:
	Database JDBC URL [Connecting through datasource 'HikariDataSource (HikariPool-1)']
	Database driver: undefined/unknown
	Database version: 8.0.41
	Autocommit mode: undefined/unknown
	Isolation level: undefined/unknown
	Minimum pool size: undefined/unknown
	Maximum pool size: undefined/unknown
2025-08-30 23:40:47 INFO  - HHH000489: No JTA platform available (set 'hibernate.transaction.jta.platform' to enable JTA platform integration)
2025-08-30 23:40:47 INFO  - Initialized JPA EntityManagerFactory for persistence unit 'default'
2025-08-30 23:40:47 INFO  - Hibernate is in classpath; If applicable, HQL parser will be used.
2025-08-30 23:40:48 WARN  - spring.jpa.open-in-view is enabled by default. Therefore, database queries may be performed during view rendering. Explicitly configure spring.jpa.open-in-view to disable this warning
2025-08-30 23:40:48 INFO  - Exposing 1 endpoint beneath base path '/actuator'
2025-08-30 23:40:49 INFO  - Global AuthenticationManager configured with AuthenticationProvider bean with name authenticationProvider
2025-08-30 23:40:49 WARN  - Global AuthenticationManager configured with an AuthenticationProvider bean. UserDetailsService beans will not be used by Spring Security for automatically configuring username/password login. Consider removing the AuthenticationProvider bean. Alternatively, consider using the UserDetailsService in a manually instantiated DaoAuthenticationProvider. If the current configuration is intentional, to turn off this warning, increase the logging level of 'org.springframework.security.config.annotation.authentication.configuration.InitializeUserDetailsBeanManagerConfigurer' to ERROR
2025-08-30 23:40:49 INFO  - LiveReload server is running on port 35729
2025-08-30 23:40:49 INFO  - Tomcat started on port 8080 (http) with context path '/'
2025-08-30 23:40:49 INFO  - Started RentalSystemApplication in 6.554 seconds (process running for 6.902)
2025-08-30 23:40:55 INFO  - Initializing Servlet 'dispatcherServlet'
2025-08-30 23:40:55 INFO  - Completed initialization in 1 ms
2025-08-30 23:40:55 WARN  - Resolved [org.springframework.web.HttpRequestMethodNotSupportedException: Request method 'POST' is not supported]
2025-08-30 23:41:15 WARN  - Resolved [org.springframework.web.HttpRequestMethodNotSupportedException: Request method 'GET' is not supported]
2025-08-30 23:41:19 WARN  - Resolved [org.springframework.http.converter.HttpMessageNotReadableException: JSON parse error: No content to map due to end-of-input]
2025-08-30 23:41:51 WARN  - Resolved [org.springframework.http.converter.HttpMessageNotReadableException: JSON parse error: No content to map due to end-of-input]
2025-08-30 23:42:59 INFO  - HV000001: Hibernate Validator 8.0.3.Final
2025-08-30 23:42:59 INFO  - Starting RentalSystemApplication using Java 17.0.13 with PID 20956 (C:\Users\stavp\IdeaProjects\rental-system\build\classes\java\main started by stavp in C:\Users\stavp\IdeaProjects\rental-system)
2025-08-30 23:42:59 INFO  - The following 1 profile is active: "test"
2025-08-30 23:42:59 INFO  - Devtools property defaults active! Set 'spring.devtools.add-properties' to 'false' to disable
2025-08-30 23:42:59 INFO  - For additional web related logging consider setting the 'logging.level.web' property to 'DEBUG'
2025-08-30 23:43:00 INFO  - Bootstrapping Spring Data JPA repositories in DEFAULT mode.
2025-08-30 23:43:00 INFO  - Finished Spring Data repository scanning in 63 ms. Found 5 JPA repository interfaces.
2025-08-30 23:43:01 INFO  - Tomcat initialized with port 8080 (http)
2025-08-30 23:43:01 INFO  - Root WebApplicationContext: initialization completed in 1850 ms
2025-08-30 23:43:02 INFO  - HHH000412: Hibernate ORM core version 6.6.26.Final
2025-08-30 23:43:02 INFO  - HHH000026: Second-level cache disabled
2025-08-30 23:43:02 INFO  - No LoadTimeWeaver setup: ignoring JPA class transformer
2025-08-30 23:43:02 INFO  - HHH10001005: Database info:
	Database JDBC URL [Connecting through datasource 'HikariDataSource (HikariPool-1)']
	Database driver: undefined/unknown
	Database version: 8.0.41
	Autocommit mode: undefined/unknown
	Isolation level: undefined/unknown
	Minimum pool size: undefined/unknown
	Maximum pool size: undefined/unknown
2025-08-30 23:43:03 INFO  - HHH000489: No JTA platform available (set 'hibernate.transaction.jta.platform' to enable JTA platform integration)
2025-08-30 23:43:03 INFO  - Initialized JPA EntityManagerFactory for persistence unit 'default'
2025-08-30 23:43:03 INFO  - Hibernate is in classpath; If applicable, HQL parser will be used.
2025-08-30 23:43:04 WARN  - spring.jpa.open-in-view is enabled by default. Therefore, database queries may be performed during view rendering. Explicitly configure spring.jpa.open-in-view to disable this warning
2025-08-30 23:43:05 INFO  - Exposing 1 endpoint beneath base path '/actuator'
2025-08-30 23:43:05 INFO  - Global AuthenticationManager configured with AuthenticationProvider bean with name authenticationProvider
2025-08-30 23:43:05 WARN  - Global AuthenticationManager configured with an AuthenticationProvider bean. UserDetailsService beans will not be used by Spring Security for automatically configuring username/password login. Consider removing the AuthenticationProvider bean. Alternatively, consider using the UserDetailsService in a manually instantiated DaoAuthenticationProvider. If the current configuration is intentional, to turn off this warning, increase the logging level of 'org.springframework.security.config.annotation.authentication.configuration.InitializeUserDetailsBeanManagerConfigurer' to ERROR
2025-08-30 23:43:05 INFO  - LiveReload server is running on port 35729
2025-08-30 23:43:05 INFO  - Tomcat started on port 8080 (http) with context path '/'
2025-08-30 23:43:05 INFO  - Started RentalSystemApplication in 6.671 seconds (process running for 7.007)
2025-08-30 23:44:00 INFO  - Initializing Servlet 'dispatcherServlet'
2025-08-30 23:44:00 INFO  - Completed initialization in 2 ms
2025-08-30 23:44:01 WARN  - Resolved [org.springframework.web.bind.MethodArgumentNotValidException: Validation failed for argument [0] in public org.springframework.http.ResponseEntity<gr.ath.ds.rentsystem.dto.AuthenticationResponseDTO> gr.ath.ds.rentsystem.rest.AuthController.login(gr.ath.ds.rentsystem.dto.AuthenticationRequestDTO): [Field error in object 'authenticationRequestDTO' on field 'usernameOrEmail': rejected value [null]; codes [NotBlank.authenticationRequestDTO.usernameOrEmail,NotBlank.usernameOrEmail,NotBlank.java.lang.String,NotBlank]; arguments [org.springframework.context.support.DefaultMessageSourceResolvable: codes [authenticationRequestDTO.usernameOrEmail,usernameOrEmail]; arguments []; default message [usernameOrEmail]]; default message [must not be blank]] ]
2025-08-30 23:47:20 WARN  - Invalid JWT for subject=admin@system.gr path=/api/users
2025-08-30 23:47:46 WARN  - Invalid JWT for subject=admin@system.gr path=/api/users
2025-08-30 23:47:48 WARN  - Invalid JWT for subject=admin@system.gr path=/api/users
2025-08-30 23:50:01 WARN  - Invalid JWT for subject=admin@system.gr path=/api/users
2025-08-30 23:50:29 WARN  - Invalid JWT for subject=admin@system.gr path=/api/users
2025-08-30 23:50:55 WARN  - Invalid JWT for subject=admin@system.gr path=/api/users
2025-08-30 23:54:01 INFO  - HV000001: Hibernate Validator 8.0.3.Final
2025-08-30 23:54:02 INFO  - Starting RentalSystemApplication using Java 17.0.13 with PID 20696 (C:\Users\stavp\IdeaProjects\rental-system\build\classes\java\main started by stavp in C:\Users\stavp\IdeaProjects\rental-system)
2025-08-30 23:54:02 INFO  - The following 1 profile is active: "test"
2025-08-30 23:54:02 INFO  - Devtools property defaults active! Set 'spring.devtools.add-properties' to 'false' to disable
2025-08-30 23:54:02 INFO  - For additional web related logging consider setting the 'logging.level.web' property to 'DEBUG'
2025-08-30 23:54:02 INFO  - Bootstrapping Spring Data JPA repositories in DEFAULT mode.
2025-08-30 23:54:03 INFO  - Finished Spring Data repository scanning in 58 ms. Found 5 JPA repository interfaces.
2025-08-30 23:54:03 INFO  - Tomcat initialized with port 8080 (http)
2025-08-30 23:54:03 INFO  - Root WebApplicationContext: initialization completed in 1861 ms
2025-08-30 23:54:04 INFO  - HHH000412: Hibernate ORM core version 6.6.26.Final
2025-08-30 23:54:04 INFO  - HHH000026: Second-level cache disabled
2025-08-30 23:54:04 INFO  - No LoadTimeWeaver setup: ignoring JPA class transformer
2025-08-30 23:54:04 INFO  - HHH10001005: Database info:
	Database JDBC URL [Connecting through datasource 'HikariDataSource (HikariPool-1)']
	Database driver: undefined/unknown
	Database version: 8.0.41
	Autocommit mode: undefined/unknown
	Isolation level: undefined/unknown
	Minimum pool size: undefined/unknown
	Maximum pool size: undefined/unknown
2025-08-30 23:54:05 INFO  - HHH000489: No JTA platform available (set 'hibernate.transaction.jta.platform' to enable JTA platform integration)
2025-08-30 23:54:05 INFO  - Initialized JPA EntityManagerFactory for persistence unit 'default'
2025-08-30 23:54:06 INFO  - Hibernate is in classpath; If applicable, HQL parser will be used.
2025-08-30 23:54:07 WARN  - spring.jpa.open-in-view is enabled by default. Therefore, database queries may be performed during view rendering. Explicitly configure spring.jpa.open-in-view to disable this warning
2025-08-30 23:54:07 INFO  - Exposing 1 endpoint beneath base path '/actuator'
2025-08-30 23:54:07 INFO  - Global AuthenticationManager configured with AuthenticationProvider bean with name authenticationProvider
2025-08-30 23:54:07 WARN  - Global AuthenticationManager configured with an AuthenticationProvider bean. UserDetailsService beans will not be used by Spring Security for automatically configuring username/password login. Consider removing the AuthenticationProvider bean. Alternatively, consider using the UserDetailsService in a manually instantiated DaoAuthenticationProvider. If the current configuration is intentional, to turn off this warning, increase the logging level of 'org.springframework.security.config.annotation.authentication.configuration.InitializeUserDetailsBeanManagerConfigurer' to ERROR
2025-08-30 23:54:08 INFO  - LiveReload server is running on port 35729
2025-08-30 23:54:08 INFO  - Tomcat started on port 8080 (http) with context path '/'
2025-08-30 23:54:08 INFO  - Started RentalSystemApplication in 6.666 seconds (process running for 7.099)
2025-08-30 23:54:16 INFO  - Initializing Servlet 'dispatcherServlet'
2025-08-30 23:54:16 INFO  - Completed initialization in 2 ms
2025-08-30 23:54:16 WARN  - Invalid JWT for subject=admin@system.gr path=/api/users
2025-08-30 23:54:40 WARN  - Invalid JWT for subject=admin@system.gr path=/api/auth/login
2025-08-30 23:55:36 WARN  - Invalid JWT for subject=admin@system.gr path=/api/auth/login
2025-08-30 23:55:59 WARN  - Invalid JWT for subject=admin@system.gr path=/api/auth/login
2025-08-30 23:56:14 WARN  - Invalid JWT for subject=admin@system.gr path=/api/users
2025-08-30 23:57:09 INFO  - HV000001: Hibernate Validator 8.0.3.Final
2025-08-30 23:57:09 INFO  - Starting RentalSystemApplication using Java 17.0.13 with PID 16556 (C:\Users\stavp\IdeaProjects\rental-system\build\classes\java\main started by stavp in C:\Users\stavp\IdeaProjects\rental-system)
2025-08-30 23:57:09 INFO  - The following 1 profile is active: "test"
2025-08-30 23:57:09 INFO  - Devtools property defaults active! Set 'spring.devtools.add-properties' to 'false' to disable
2025-08-30 23:57:09 INFO  - For additional web related logging consider setting the 'logging.level.web' property to 'DEBUG'
2025-08-30 23:57:10 INFO  - Bootstrapping Spring Data JPA repositories in DEFAULT mode.
2025-08-30 23:57:10 INFO  - Finished Spring Data repository scanning in 61 ms. Found 5 JPA repository interfaces.
2025-08-30 23:57:11 INFO  - Tomcat initialized with port 8080 (http)
2025-08-30 23:57:11 INFO  - Root WebApplicationContext: initialization completed in 1911 ms
2025-08-30 23:57:12 INFO  - HHH000412: Hibernate ORM core version 6.6.26.Final
2025-08-30 23:57:12 INFO  - HHH000026: Second-level cache disabled
2025-08-30 23:57:12 INFO  - No LoadTimeWeaver setup: ignoring JPA class transformer
2025-08-30 23:57:12 INFO  - HHH10001005: Database info:
	Database JDBC URL [Connecting through datasource 'HikariDataSource (HikariPool-1)']
	Database driver: undefined/unknown
	Database version: 8.0.41
	Autocommit mode: undefined/unknown
	Isolation level: undefined/unknown
	Minimum pool size: undefined/unknown
	Maximum pool size: undefined/unknown
2025-08-30 23:57:13 INFO  - HHH000489: No JTA platform available (set 'hibernate.transaction.jta.platform' to enable JTA platform integration)
2025-08-30 23:57:13 INFO  - Initialized JPA EntityManagerFactory for persistence unit 'default'
2025-08-30 23:57:13 INFO  - Hibernate is in classpath; If applicable, HQL parser will be used.
2025-08-30 23:57:14 WARN  - spring.jpa.open-in-view is enabled by default. Therefore, database queries may be performed during view rendering. Explicitly configure spring.jpa.open-in-view to disable this warning
2025-08-30 23:57:15 INFO  - Exposing 1 endpoint beneath base path '/actuator'
2025-08-30 23:57:15 INFO  - Global AuthenticationManager configured with AuthenticationProvider bean with name authenticationProvider
2025-08-30 23:57:15 WARN  - Global AuthenticationManager configured with an AuthenticationProvider bean. UserDetailsService beans will not be used by Spring Security for automatically configuring username/password login. Consider removing the AuthenticationProvider bean. Alternatively, consider using the UserDetailsService in a manually instantiated DaoAuthenticationProvider. If the current configuration is intentional, to turn off this warning, increase the logging level of 'org.springframework.security.config.annotation.authentication.configuration.InitializeUserDetailsBeanManagerConfigurer' to ERROR
2025-08-30 23:57:15 INFO  - LiveReload server is running on port 35729
2025-08-30 23:57:15 INFO  - Tomcat started on port 8080 (http) with context path '/'
2025-08-30 23:57:15 INFO  - Started RentalSystemApplication in 6.684 seconds (process running for 7.021)
2025-08-30 23:57:21 INFO  - Initializing Servlet 'dispatcherServlet'
2025-08-30 23:57:21 INFO  - Completed initialization in 1 ms
2025-08-30 23:57:21 WARN  - Invalid JWT for subject=admin@system.gr path=/api/users
2025-08-30 23:57:24 WARN  - Invalid JWT for subject=admin@system.gr path=/api/users
2025-08-30 23:57:55 INFO  - HV000001: Hibernate Validator 8.0.3.Final
2025-08-30 23:57:55 INFO  - Starting RentalSystemApplication using Java 17.0.13 with PID 17764 (C:\Users\stavp\IdeaProjects\rental-system\build\classes\java\main started by stavp in C:\Users\stavp\IdeaProjects\rental-system)
2025-08-30 23:57:55 INFO  - The following 1 profile is active: "test"
2025-08-30 23:57:55 INFO  - Devtools property defaults active! Set 'spring.devtools.add-properties' to 'false' to disable
2025-08-30 23:57:55 INFO  - For additional web related logging consider setting the 'logging.level.web' property to 'DEBUG'
2025-08-30 23:57:56 INFO  - Bootstrapping Spring Data JPA repositories in DEFAULT mode.
2025-08-30 23:57:56 INFO  - Finished Spring Data repository scanning in 64 ms. Found 5 JPA repository interfaces.
2025-08-30 23:57:57 INFO  - Tomcat initialized with port 8080 (http)
2025-08-30 23:57:57 INFO  - Root WebApplicationContext: initialization completed in 1817 ms
2025-08-30 23:57:58 INFO  - HHH000412: Hibernate ORM core version 6.6.26.Final
2025-08-30 23:57:58 INFO  - HHH000026: Second-level cache disabled
2025-08-30 23:57:58 INFO  - No LoadTimeWeaver setup: ignoring JPA class transformer
2025-08-30 23:57:58 INFO  - HHH10001005: Database info:
	Database JDBC URL [Connecting through datasource 'HikariDataSource (HikariPool-1)']
	Database driver: undefined/unknown
	Database version: 8.0.41
	Autocommit mode: undefined/unknown
	Isolation level: undefined/unknown
	Minimum pool size: undefined/unknown
	Maximum pool size: undefined/unknown
2025-08-30 23:57:59 INFO  - HHH000489: No JTA platform available (set 'hibernate.transaction.jta.platform' to enable JTA platform integration)
2025-08-30 23:57:59 INFO  - Initialized JPA EntityManagerFactory for persistence unit 'default'
2025-08-30 23:57:59 INFO  - Hibernate is in classpath; If applicable, HQL parser will be used.
2025-08-30 23:58:00 WARN  - spring.jpa.open-in-view is enabled by default. Therefore, database queries may be performed during view rendering. Explicitly configure spring.jpa.open-in-view to disable this warning
2025-08-30 23:58:01 INFO  - Exposing 1 endpoint beneath base path '/actuator'
2025-08-30 23:58:01 INFO  - Global AuthenticationManager configured with AuthenticationProvider bean with name authenticationProvider
2025-08-30 23:58:01 WARN  - Global AuthenticationManager configured with an AuthenticationProvider bean. UserDetailsService beans will not be used by Spring Security for automatically configuring username/password login. Consider removing the AuthenticationProvider bean. Alternatively, consider using the UserDetailsService in a manually instantiated DaoAuthenticationProvider. If the current configuration is intentional, to turn off this warning, increase the logging level of 'org.springframework.security.config.annotation.authentication.configuration.InitializeUserDetailsBeanManagerConfigurer' to ERROR
2025-08-30 23:58:01 INFO  - LiveReload server is running on port 35729
2025-08-30 23:58:01 INFO  - Tomcat started on port 8080 (http) with context path '/'
2025-08-30 23:58:01 INFO  - Started RentalSystemApplication in 6.518 seconds (process running for 6.878)
