2025-08-23 22:56:43 INFO  - HV000001: Hibernate Validator 8.0.3.Final
2025-08-23 22:56:43 INFO  - Starting RentalSystemApplication using Java 17.0.13 with PID 23000 (C:\Users\stavp\IdeaProjects\rental-system\build\classes\java\main started by stavp in C:\Users\stavp\IdeaProjects\rental-system)
2025-08-23 22:56:43 INFO  - The following 1 profile is active: "dev"
2025-08-23 22:56:43 INFO  - Devtools property defaults active! Set 'spring.devtools.add-properties' to 'false' to disable
2025-08-23 22:56:43 INFO  - For additional web related logging consider setting the 'logging.level.web' property to 'DEBUG'
2025-08-23 22:56:44 INFO  - Bootstrapping Spring Data JPA repositories in DEFAULT mode.
2025-08-23 22:56:44 INFO  - Finished Spring Data repository scanning in 5 ms. Found 0 JPA repository interfaces.
2025-08-23 22:56:45 INFO  - Tomcat initialized with port 8080 (http)
2025-08-23 22:56:45 INFO  - Root WebApplicationContext: initialization completed in 1379 ms
2025-08-23 22:56:45 WARN  - Exception encountered during context initialization - cancelling refresh attempt: org.springframework.beans.factory.BeanCreationException: Error creating bean with name 'entityManagerFactory' defined in class path resource [org/springframework/boot/autoconfigure/orm/jpa/HibernateJpaConfiguration.class]: Failed to initialize dependency 'dataSourceScriptDatabaseInitializer' of LoadTimeWeaverAware bean 'entityManagerFactory': Error creating bean with name 'dataSourceScriptDatabaseInitializer' defined in class path resource [org/springframework/boot/autoconfigure/sql/init/DataSourceInitializationConfiguration.class]: No data scripts found at location 'classpath:sql/regions.sql'
2025-08-23 22:56:45 ERROR - Application run failed
org.springframework.beans.factory.BeanCreationException: Error creating bean with name 'entityManagerFactory' defined in class path resource [org/springframework/boot/autoconfigure/orm/jpa/HibernateJpaConfiguration.class]: Failed to initialize dependency 'dataSourceScriptDatabaseInitializer' of LoadTimeWeaverAware bean 'entityManagerFactory': Error creating bean with name 'dataSourceScriptDatabaseInitializer' defined in class path resource [org/springframework/boot/autoconfigure/sql/init/DataSourceInitializationConfiguration.class]: No data scripts found at location 'classpath:sql/regions.sql'
	at org.springframework.beans.factory.support.AbstractBeanFactory.doGetBean(AbstractBeanFactory.java:328)
	at org.springframework.beans.factory.support.AbstractBeanFactory.getBean(AbstractBeanFactory.java:207)
	at org.springframework.context.support.AbstractApplicationContext.finishBeanFactoryInitialization(AbstractApplicationContext.java:970)
	at org.springframework.context.support.AbstractApplicationContext.refresh(AbstractApplicationContext.java:627)
	at org.springframework.boot.web.servlet.context.ServletWebServerApplicationContext.refresh(ServletWebServerApplicationContext.java:146)
	at org.springframework.boot.SpringApplication.refresh(SpringApplication.java:752)
	at org.springframework.boot.SpringApplication.refreshContext(SpringApplication.java:439)
	at org.springframework.boot.SpringApplication.run(SpringApplication.java:318)
	at org.springframework.boot.SpringApplication.run(SpringApplication.java:1361)
	at org.springframework.boot.SpringApplication.run(SpringApplication.java:1350)
	at gr.ath.ds.rentsystem.RentalSystemApplication.main(RentalSystemApplication.java:12)
	at java.base/jdk.internal.reflect.NativeMethodAccessorImpl.invoke0(Native Method)
	at java.base/jdk.internal.reflect.NativeMethodAccessorImpl.invoke(NativeMethodAccessorImpl.java:77)
	at java.base/jdk.internal.reflect.DelegatingMethodAccessorImpl.invoke(DelegatingMethodAccessorImpl.java:43)
	at java.base/java.lang.reflect.Method.invoke(Method.java:569)
	at org.springframework.boot.devtools.restart.RestartLauncher.run(RestartLauncher.java:50)
Caused by: org.springframework.beans.factory.BeanCreationException: Error creating bean with name 'dataSourceScriptDatabaseInitializer' defined in class path resource [org/springframework/boot/autoconfigure/sql/init/DataSourceInitializationConfiguration.class]: No data scripts found at location 'classpath:sql/regions.sql'
	at org.springframework.beans.factory.support.AbstractAutowireCapableBeanFactory.initializeBean(AbstractAutowireCapableBeanFactory.java:1826)
	at org.springframework.beans.factory.support.AbstractAutowireCapableBeanFactory.doCreateBean(AbstractAutowireCapableBeanFactory.java:607)
	at org.springframework.beans.factory.support.AbstractAutowireCapableBeanFactory.createBean(AbstractAutowireCapableBeanFactory.java:529)
	at org.springframework.beans.factory.support.AbstractBeanFactory.lambda$doGetBean$0(AbstractBeanFactory.java:339)
	at org.springframework.beans.factory.support.DefaultSingletonBeanRegistry.getSingleton(DefaultSingletonBeanRegistry.java:373)
	at org.springframework.beans.factory.support.AbstractBeanFactory.doGetBean(AbstractBeanFactory.java:337)
	at org.springframework.beans.factory.support.AbstractBeanFactory.getBean(AbstractBeanFactory.java:202)
	at org.springframework.beans.factory.support.AbstractBeanFactory.doGetBean(AbstractBeanFactory.java:315)
	... 15 common frames omitted
Caused by: java.lang.IllegalStateException: No data scripts found at location 'classpath:sql/regions.sql'
	at org.springframework.boot.sql.init.AbstractScriptDatabaseInitializer.getScripts(AbstractScriptDatabaseInitializer.java:129)
	at org.springframework.boot.sql.init.AbstractScriptDatabaseInitializer.applyScripts(AbstractScriptDatabaseInitializer.java:106)
	at org.springframework.boot.sql.init.AbstractScriptDatabaseInitializer.applyDataScripts(AbstractScriptDatabaseInitializer.java:102)
	at org.springframework.boot.sql.init.AbstractScriptDatabaseInitializer.initializeDatabase(AbstractScriptDatabaseInitializer.java:77)
	at org.springframework.boot.sql.init.AbstractScriptDatabaseInitializer.afterPropertiesSet(AbstractScriptDatabaseInitializer.java:66)
	at org.springframework.beans.factory.support.AbstractAutowireCapableBeanFactory.invokeInitMethods(AbstractAutowireCapableBeanFactory.java:1873)
	at org.springframework.beans.factory.support.AbstractAutowireCapableBeanFactory.initializeBean(AbstractAutowireCapableBeanFactory.java:1822)
	... 22 common frames omitted
2025-08-23 22:59:55 INFO  - HV000001: Hibernate Validator 8.0.3.Final
2025-08-23 22:59:55 INFO  - Starting RentalSystemApplication using Java 17.0.13 with PID 20652 (C:\Users\stavp\IdeaProjects\rental-system\build\classes\java\main started by stavp in C:\Users\stavp\IdeaProjects\rental-system)
2025-08-23 22:59:55 INFO  - The following 1 profile is active: "dev"
2025-08-23 22:59:55 INFO  - Devtools property defaults active! Set 'spring.devtools.add-properties' to 'false' to disable
2025-08-23 22:59:55 INFO  - For additional web related logging consider setting the 'logging.level.web' property to 'DEBUG'
2025-08-23 22:59:56 INFO  - Bootstrapping Spring Data JPA repositories in DEFAULT mode.
2025-08-23 22:59:56 INFO  - Finished Spring Data repository scanning in 5 ms. Found 0 JPA repository interfaces.
2025-08-23 22:59:56 INFO  - Tomcat initialized with port 8080 (http)
2025-08-23 22:59:56 INFO  - Root WebApplicationContext: initialization completed in 1383 ms
2025-08-23 22:59:56 INFO  - HHH000412: Hibernate ORM core version 6.6.26.Final
2025-08-23 22:59:56 INFO  - HHH000026: Second-level cache disabled
2025-08-23 22:59:57 INFO  - No LoadTimeWeaver setup: ignoring JPA class transformer
2025-08-23 22:59:57 INFO  - HHH10001005: Database info:
	Database JDBC URL [Connecting through datasource 'HikariDataSource (HikariPool-1)']
	Database driver: undefined/unknown
	Database version: 8.0.41
	Autocommit mode: undefined/unknown
	Isolation level: undefined/unknown
	Minimum pool size: undefined/unknown
	Maximum pool size: undefined/unknown
2025-08-23 22:59:58 INFO  - HHH000489: No JTA platform available (set 'hibernate.transaction.jta.platform' to enable JTA platform integration)
2025-08-23 22:59:59 INFO  - Initialized JPA EntityManagerFactory for persistence unit 'default'
2025-08-23 22:59:59 WARN  - spring.jpa.open-in-view is enabled by default. Therefore, database queries may be performed during view rendering. Explicitly configure spring.jpa.open-in-view to disable this warning
2025-08-23 22:59:59 WARN  - 

Using generated security password: 86f28bd2-282f-4246-8c6d-a1e9aa9db88f

This generated password is for development use only. Your security configuration must be updated before running your application in production.

2025-08-23 22:59:59 INFO  - Global AuthenticationManager configured with UserDetailsService bean with name inMemoryUserDetailsManager
2025-08-23 22:59:59 INFO  - Exposing 1 endpoint beneath base path '/actuator'
2025-08-23 22:59:59 INFO  - LiveReload server is running on port 35729
2025-08-23 23:00:00 INFO  - Tomcat started on port 8080 (http) with context path '/'
2025-08-23 23:00:00 INFO  - Started RentalSystemApplication in 5.339 seconds (process running for 5.692)
2025-08-23 23:10:16 INFO  - HV000001: Hibernate Validator 8.0.3.Final
2025-08-23 23:10:16 INFO  - Starting RentalSystemApplication using Java 17.0.13 with PID 3416 (C:\Users\stavp\IdeaProjects\rental-system\build\classes\java\main started by stavp in C:\Users\stavp\IdeaProjects\rental-system)
2025-08-23 23:10:16 INFO  - The following 1 profile is active: "dev"
2025-08-23 23:10:16 INFO  - Devtools property defaults active! Set 'spring.devtools.add-properties' to 'false' to disable
2025-08-23 23:10:16 INFO  - For additional web related logging consider setting the 'logging.level.web' property to 'DEBUG'
2025-08-23 23:10:17 INFO  - Bootstrapping Spring Data JPA repositories in DEFAULT mode.
2025-08-23 23:10:17 INFO  - Finished Spring Data repository scanning in 7 ms. Found 0 JPA repository interfaces.
2025-08-23 23:10:17 INFO  - Tomcat initialized with port 8080 (http)
2025-08-23 23:10:17 INFO  - Root WebApplicationContext: initialization completed in 1437 ms
2025-08-23 23:10:17 INFO  - HHH000412: Hibernate ORM core version 6.6.26.Final
2025-08-23 23:10:17 INFO  - HHH000026: Second-level cache disabled
2025-08-23 23:10:18 INFO  - No LoadTimeWeaver setup: ignoring JPA class transformer
2025-08-23 23:10:18 INFO  - HHH10001005: Database info:
	Database JDBC URL [Connecting through datasource 'HikariDataSource (HikariPool-1)']
	Database driver: undefined/unknown
	Database version: 8.0.41
	Autocommit mode: undefined/unknown
	Isolation level: undefined/unknown
	Minimum pool size: undefined/unknown
	Maximum pool size: undefined/unknown
2025-08-23 23:10:19 INFO  - HHH000489: No JTA platform available (set 'hibernate.transaction.jta.platform' to enable JTA platform integration)
2025-08-23 23:10:19 INFO  - Initialized JPA EntityManagerFactory for persistence unit 'default'
2025-08-23 23:10:19 WARN  - spring.jpa.open-in-view is enabled by default. Therefore, database queries may be performed during view rendering. Explicitly configure spring.jpa.open-in-view to disable this warning
2025-08-23 23:10:20 WARN  - 

Using generated security password: 3a082aaa-76fc-4495-ab29-03842f4330f8

This generated password is for development use only. Your security configuration must be updated before running your application in production.

2025-08-23 23:10:20 INFO  - Global AuthenticationManager configured with UserDetailsService bean with name inMemoryUserDetailsManager
2025-08-23 23:10:20 INFO  - Exposing 1 endpoint beneath base path '/actuator'
2025-08-23 23:10:20 INFO  - LiveReload server is running on port 35729
2025-08-23 23:10:20 INFO  - Tomcat started on port 8080 (http) with context path '/'
2025-08-23 23:10:20 INFO  - Started RentalSystemApplication in 4.598 seconds (process running for 4.939)
