2025-08-27 22:04:29 INFO  - HV000001: Hibernate Validator 8.0.3.Final
2025-08-27 22:04:29 INFO  - Starting RentalSystemApplication using Java 17.0.13 with PID 5368 (C:\Users\stavp\IdeaProjects\rental-system\build\classes\java\main started by stavp in C:\Users\stavp\IdeaProjects\rental-system)
2025-08-27 22:04:29 INFO  - The following 1 profile is active: "test"
2025-08-27 22:04:29 INFO  - Devtools property defaults active! Set 'spring.devtools.add-properties' to 'false' to disable
2025-08-27 22:04:29 INFO  - For additional web related logging consider setting the 'logging.level.web' property to 'DEBUG'
2025-08-27 22:04:30 INFO  - Bootstrapping Spring Data JPA repositories in DEFAULT mode.
2025-08-27 22:04:30 INFO  - Finished Spring Data repository scanning in 59 ms. Found 5 JPA repository interfaces.
2025-08-27 22:04:30 INFO  - Tomcat initialized with port 8080 (http)
2025-08-27 22:04:30 INFO  - Root WebApplicationContext: initialization completed in 1707 ms
2025-08-27 22:04:31 INFO  - HHH000412: Hibernate ORM core version 6.6.26.Final
2025-08-27 22:04:31 INFO  - HHH000026: Second-level cache disabled
2025-08-27 22:04:31 INFO  - No LoadTimeWeaver setup: ignoring JPA class transformer
2025-08-27 22:04:31 INFO  - HHH10001005: Database info:
	Database JDBC URL [Connecting through datasource 'HikariDataSource (HikariPool-1)']
	Database driver: undefined/unknown
	Database version: 8.0.41
	Autocommit mode: undefined/unknown
	Isolation level: undefined/unknown
	Minimum pool size: undefined/unknown
	Maximum pool size: undefined/unknown
2025-08-27 22:04:32 INFO  - HHH000489: No JTA platform available (set 'hibernate.transaction.jta.platform' to enable JTA platform integration)
2025-08-27 22:04:32 INFO  - Initialized JPA EntityManagerFactory for persistence unit 'default'
2025-08-27 22:04:33 INFO  - Hibernate is in classpath; If applicable, HQL parser will be used.
2025-08-27 22:04:34 WARN  - spring.jpa.open-in-view is enabled by default. Therefore, database queries may be performed during view rendering. Explicitly configure spring.jpa.open-in-view to disable this warning
2025-08-27 22:04:34 INFO  - Exposing 1 endpoint beneath base path '/actuator'
2025-08-27 22:04:34 INFO  - Global AuthenticationManager configured with AuthenticationProvider bean with name authenticationProvider
2025-08-27 22:04:34 WARN  - Global AuthenticationManager configured with an AuthenticationProvider bean. UserDetailsService beans will not be used by Spring Security for automatically configuring username/password login. Consider removing the AuthenticationProvider bean. Alternatively, consider using the UserDetailsService in a manually instantiated DaoAuthenticationProvider. If the current configuration is intentional, to turn off this warning, increase the logging level of 'org.springframework.security.config.annotation.authentication.configuration.InitializeUserDetailsBeanManagerConfigurer' to ERROR
2025-08-27 22:04:34 INFO  - LiveReload server is running on port 35729
2025-08-27 22:04:34 INFO  - Tomcat started on port 8080 (http) with context path '/'
2025-08-27 22:04:34 INFO  - Started RentalSystemApplication in 6.031 seconds (process running for 6.384)
